======================================================================
MASTER TRAINING PIPELINE ΓÇö Loading data...
======================================================================
[PlayerImpact] Cached 1929 teams
Loaded 100538 samples, 81 features, 25 classes in 39s
Train: 90484, Test: 10054

======================================================================
STEP 2: XGBoost Retrain (subsample=0.9)
======================================================================
  XGBoost (0.9)        | Exact=15.53% (1561/10054) | 1X2=53.61% | RPS=0.1132 | 98s
  Saved to models/direct_score.json

======================================================================
STEP 3: PyTorch Deep Neural Network
======================================================================
Device: cpu
Input dim: 69

--- Training DeepNN-S (128-256-128) ---
  Epoch  20 | train_loss=2.7920 | test_loss=2.9309 | test_acc=0.148
  DeepNN-S             | Exact=15.68% (1576/10054) | 1X2=55.00% | RPS=0.1135 | 120s
  Blending DeepNN-S with XGBoost:
    Blend w=0.50       | Exact=16.26% (1635/10054) | 1X2=54.53% | RPS=0.1119 | 0s
    Blend w=0.60       | Exact=16.09% (1618/10054) | 1X2=54.34% | RPS=0.1119 | 0s
    Blend w=0.70       | Exact=16.07% (1616/10054) | 1X2=54.32% | RPS=0.1121 | 0s
    Blend w=0.75       | Exact=16.01% (1610/10054) | 1X2=54.15% | RPS=0.1122 | 0s
    Blend w=0.80       | Exact=15.91% (1600/10054) | 1X2=53.98% | RPS=0.1123 | 0s
    Blend w=0.85       | Exact=15.80% (1589/10054) | 1X2=53.89% | RPS=0.1125 | 0s
    Blend w=0.90       | Exact=15.77% (1586/10054) | 1X2=53.78% | RPS=0.1127 | 0s

--- Training DeepNN-M (512-1024-512) ---
  Epoch  20 | train_loss=2.8109 | test_loss=2.8406 | test_acc=0.165
  Epoch  40 | train_loss=2.7830 | test_loss=2.8871 | test_acc=0.158
  DeepNN-M             | Exact=17.13% (1722/10054) | 1X2=55.34% | RPS=0.1119 | 829s
  Blending DeepNN-M with XGBoost:
    Blend w=0.50       | Exact=16.58% (1667/10054) | 1X2=54.43% | RPS=0.1112 | 0s
    Blend w=0.60       | Exact=16.39% (1648/10054) | 1X2=54.16% | RPS=0.1114 | 0s
    Blend w=0.70       | Exact=15.99% (1608/10054) | 1X2=53.98% | RPS=0.1117 | 0s
    Blend w=0.75       | Exact=15.91% (1600/10054) | 1X2=53.93% | RPS=0.1119 | 0s
    Blend w=0.80       | Exact=15.74% (1583/10054) | 1X2=53.84% | RPS=0.1121 | 0s
    Blend w=0.85       | Exact=15.80% (1589/10054) | 1X2=53.80% | RPS=0.1123 | 0s
    Blend w=0.90       | Exact=15.68% (1576/10054) | 1X2=53.75% | RPS=0.1126 | 0s

--- Training DeepNN-L (512-1024-1024-512-256) ---
  Epoch  20 | train_loss=2.8167 | test_loss=2.7612 | test_acc=0.166
  Epoch  40 | train_loss=2.8013 | test_loss=2.8035 | test_acc=0.167
  DeepNN-L             | Exact=16.82% (1691/10054) | 1X2=53.52% | RPS=0.1138 | 1699s
  Blending DeepNN-L with XGBoost:
    Blend w=0.50       | Exact=16.67% (1676/10054) | 1X2=53.93% | RPS=0.1118 | 0s
    Blend w=0.60       | Exact=16.23% (1632/10054) | 1X2=53.85% | RPS=0.1118 | 0s
    Blend w=0.70       | Exact=16.09% (1618/10054) | 1X2=53.80% | RPS=0.1120 | 0s
    Blend w=0.75       | Exact=15.99% (1608/10054) | 1X2=53.87% | RPS=0.1121 | 0s
    Blend w=0.80       | Exact=15.84% (1593/10054) | 1X2=53.74% | RPS=0.1122 | 0s
    Blend w=0.85       | Exact=15.73% (1581/10054) | 1X2=53.72% | RPS=0.1124 | 0s
    Blend w=0.90       | Exact=15.63% (1571/10054) | 1X2=53.70% | RPS=0.1127 | 0s

======================================================================
STEP 4: Ensemble Weight Search
======================================================================
Best blend: XGB=0.05 + NN=0.95
  XGB+DeepNN           | Exact=17.19% (1728/10054) | 1X2=55.31% | RPS=0.1117 | 0s

======================================================================
STEP 5: LightGBM
======================================================================
  LightGBM             | Exact=15.47% (1555/10054) | 1X2=54.05% | RPS=0.1131 | 57s

======================================================================
STEP 6: CatBoost
======================================================================
CatBoost failed: No module named 'catboost'

======================================================================
STEP 7: Saving Best Model
======================================================================
Saved blend to C:\Users\zake.exe\Desktop\Score Exact 100\football_predictor\models\mlp_blend.pkl
  XGB weight: 0.0500
  NN weight:  0.9500

======================================================================
FINAL RESULTS SUMMARY
======================================================================
Model                |  Exact% |   1X2% |    RPS
--------------------------------------------------
DeepNN-M             |  17.13% | 55.34% | 0.1119
DeepNN-L             |  16.82% | 53.52% | 0.1138
DeepNN-S             |  15.68% | 55.00% | 0.1135
xgb                  |  15.53% | 53.61% | 0.1132
lgb                  |  15.47% | 54.05% | 0.1131

Best Blend: XGB=0.05 + DeepNN=0.95
  Exact: 17.19%
  1X2:   55.31%
  RPS:   0.1117

Best 1X2: DeepNN-M ΓÇö 55.34%
Best RPS: DeepNN-M ΓÇö 0.1119

Saved model info to models/direct_model_info.json

======================================================================
Total time: 47.5 minutes
======================================================================
