
============================================================
   Score Exact 100 - AI Football Prediction System
   Running on http://127.0.0.1:5000
============================================================

 * Serving Flask app 'app'
 * Debug mode: on

============================================================
   Score Exact 100 - AI Football Prediction System
   Running on http://127.0.0.1:5000
============================================================


============================================================
   Score Exact 100 - AI Football Prediction System
   Running on http://127.0.0.1:5000
============================================================


============================================================
   Score Exact 100 - AI Football Prediction System
   Running on http://127.0.0.1:5000
============================================================


============================================================
   Score Exact 100 - AI Football Prediction System
   Running on http://127.0.0.1:5000
============================================================


============================================================
   Score Exact 100 - AI Football Prediction System
   Running on http://127.0.0.1:5000
============================================================


============================================================
   Score Exact 100 - AI Football Prediction System
   Running on http://127.0.0.1:5000
============================================================


============================================================
   Score Exact 100 - AI Football Prediction System
   Running on http://127.0.0.1:5000
============================================================

